test_bne_grid_1 (__main__.TestBinaryGrid.test_bne_grid_1) ... FAIL
test_bne_grid_2 (__main__.TestBinaryGrid.test_bne_grid_2) ... FAIL
test_bne_grid_3 (__main__.TestBinaryGrid.test_bne_grid_3) ... FAIL
test_bne_grid_4 (__main__.TestBinaryGrid.test_bne_grid_4) ... FAIL
test_bne_grid_5 (__main__.TestBinaryGrid.test_bne_grid_5) ... FAIL
test_cage_existence (__main__.TestCageConstraints.test_cage_existence) ... ERROR
test_cages_1 (__main__.TestCageConstraints.test_cages_1) ... FAIL
test_cages_2 (__main__.TestCageConstraints.test_cages_2) ... FAIL
test_cages_3 (__main__.TestCageConstraints.test_cages_3) ... FAIL
test_cages_4 (__main__.TestCageConstraints.test_cages_4) ... FAIL
test_cages_5 (__main__.TestCageConstraints.test_cages_5) ... FAIL
test_cages_6 (__main__.TestCageConstraints.test_cages_6) ... FAIL
test_dh_1 (__main__.TestDH.test_dh_1) ... FAIL
test_dh_2 (__main__.TestDH.test_dh_2) ... FAIL
test_dh_3 (__main__.TestDH.test_dh_3) ... FAIL
test_dh_4 (__main__.TestDH.test_dh_4) ... FAIL
test_mrv_1 (__main__.TestMRV.test_mrv_1) ... FAIL
test_mrv_2 (__main__.TestMRV.test_mrv_2) ... FAIL
test_mrv_3 (__main__.TestMRV.test_mrv_3) ... FAIL
test_mrv_4 (__main__.TestMRV.test_mrv_4) ... FAIL
test_nary_grid_1 (__main__.TestNaryGrid.test_nary_grid_1) ... FAIL
test_nary_grid_2 (__main__.TestNaryGrid.test_nary_grid_2) ... FAIL
test_nary_grid_3 (__main__.TestNaryGrid.test_nary_grid_3) ... FAIL
test_nary_grid_4 (__main__.TestNaryGrid.test_nary_grid_4) ... FAIL
test_bin_prop_fc_0 (__main__.TestPropFC.test_bin_prop_fc_0) ... FAIL
test_bin_prop_fc_1 (__main__.TestPropFC.test_bin_prop_fc_1) ... FAIL
test_bin_prop_fc_2 (__main__.TestPropFC.test_bin_prop_fc_2) ... FAIL
test_bin_prop_fc_3 (__main__.TestPropFC.test_bin_prop_fc_3) ... FAIL
test_bin_prop_fc_4 (__main__.TestPropFC.test_bin_prop_fc_4) ... FAIL
test_prop_fc_0 (__main__.TestPropFC.test_prop_fc_0) ... FAIL
test_prop_fc_1 (__main__.TestPropFC.test_prop_fc_1) ... FAIL
test_prop_fc_2 (__main__.TestPropFC.test_prop_fc_2) ... FAIL
test_prop_fc_3 (__main__.TestPropFC.test_prop_fc_3) ... FAIL
test_prop_fc_4 (__main__.TestPropFC.test_prop_fc_4) ... FAIL
test_prop_GAC_0 (__main__.TestPropGAC.test_prop_GAC_0) ... FAIL
test_prop_GAC_1 (__main__.TestPropGAC.test_prop_GAC_1) ... FAIL
test_prop_GAC_2 (__main__.TestPropGAC.test_prop_GAC_2) ... FAIL
test_prop_GAC_3 (__main__.TestPropGAC.test_prop_GAC_3) ... FAIL
test_prop_GAC_4 (__main__.TestPropGAC.test_prop_GAC_4) ... FAIL
test_prop_GAC_5 (__main__.TestPropGAC.test_prop_GAC_5) ... FAIL
test_prop_GAC_6 (__main__.TestPropGAC.test_prop_GAC_6) ... FAIL
test_prop_GAC_7 (__main__.TestPropGAC.test_prop_GAC_7) ... FAIL
test_prop_GAC_8 (__main__.TestPropGAC.test_prop_GAC_8) ... FAIL
test_prop_GAC_9 (__main__.TestPropGAC.test_prop_GAC_9) ... FAIL

======================================================================
ERROR: test_cage_existence (__main__.TestCageConstraints.test_cage_existence)
----------------------------------------------------------------------
Traceback (most recent call last):
  File "c:\Users\user\Desktop\CISC-352-A1\a1 3\autograder_stu.py", line 616, in test_cage_existence
    csp, var_array = cagey_csp_model(board)
    ^^^^^^^^^^^^^^
TypeError: cannot unpack non-iterable NoneType object

======================================================================
FAIL: test_bne_grid_1 (__main__.TestBinaryGrid.test_bne_grid_1)
----------------------------------------------------------------------
AssertionError: False is not true : 

Student code threw exception "'NoneType' object is not subscriptable". Failed to construct board!
(3, [(2, [(1, 1), (1, 2)], '-'), (2, [(1, 3)], '?'), (2, [(2, 1), (3, 1)], '/'), (3, [(2, 2), (2, 3)], '/'), (1, [(3, 2), (3, 3)], '-')])


======================================================================
FAIL: test_bne_grid_2 (__main__.TestBinaryGrid.test_bne_grid_2)
----------------------------------------------------------------------
AssertionError: False is not true : 

Student code threw exception "'NoneType' object is not subscriptable". Failed to construct board!
(3, [(3, [(1, 1), (2, 1)], '+'), (1, [(1, 2)], '?'), (8, [(1, 3), (2, 3), (2, 2)], '+'), (3, [(3, 1)], '?'), (3, [(3, 2), (3, 3)], '+')])


======================================================================
FAIL: test_bne_grid_3 (__main__.TestBinaryGrid.test_bne_grid_3)
----------------------------------------------------------------------
AssertionError: False is not true : 

Student code threw exception "'NoneType' object is not subscriptable". Failed to construct board!
(4, [(2, [(1, 1), (1, 2)], '/'), (3, [(1, 3), (1, 4), (2, 3)], '*'), (8, [(2, 1), (2, 2), (3, 2)], '+'), (4, [(3, 4)], '?'), (3, [(3, 1), (4, 1)], '-'), (4, [(3, 3)], '?'), (6, [(3, 4), (4, 4)], '*'), (2, [(4, 2), (4, 3)], '/')])


======================================================================
FAIL: test_bne_grid_4 (__main__.TestBinaryGrid.test_bne_grid_4)
----------------------------------------------------------------------
AssertionError: False is not true : 

Student code threw exception "'NoneType' object is not subscriptable". Failed to construct board!
(5, [(1, [(1, 1), (2, 1)], '-'), (10, [(1, 2), (1, 3), (2, 3), (4, 3)], '+'), (9, [(1, 4), (1, 5), (2, 4), (2, 5)], '+'), (40, [(2, 2), (3, 1), (3, 2)], '*'), (50, [(3, 4), (4, 3), (4, 4)], '*'), (10, [(3, 5), (4, 5), (5, 5)], '+'), (9, [(4, 1), (4, 2), (5, 1), (5, 2)], '+'), (4, [(5, 3), (5, 4)], '/')])


======================================================================
FAIL: test_bne_grid_5 (__main__.TestBinaryGrid.test_bne_grid_5)
----------------------------------------------------------------------
AssertionError: False is not true : 

Student code threw exception "'NoneType' object is not subscriptable". Failed to construct board!
(6, [(11, [(1, 1), (2, 1)], '+'), (3, [(1, 2), (2, 2)], '*'), (20, [(1, 3), (2, 3), (3, 3)], '*'), (2, [(1, 4), (1, 5)], '-'), (6, [(1, 6), (2, 6)], '/'), (6, [(2, 4), (2, 5)], '*'), (5, [(3, 1), (4, 1)], '+'), (40, [(3, 2), (4, 2), (5, 2)], '*'), (10, [(3, 4), (4, 4)], '+'), (10, [(3, 5), (3, 6)], '*'), (3, [(4, 3), (5, 3)], '-'), (8, [(4, 5), (4, 6), (5, 6)], '+'), (1, [(5, 1), (6, 1), (6, 2)], '-'), (11, [(5, 4), (5, 5)], '+'), (1, [(6, 3), (6, 4)], '-'), (2, [(6, 5), (6, 6)], '-')])


======================================================================
FAIL: test_cages_1 (__main__.TestCageConstraints.test_cages_1)
----------------------------------------------------------------------
AssertionError: False is not true : 

Student code threw exception "cannot unpack non-iterable NoneType object". Failed to construct board!
(2, [(4, [(1, 1), (1, 2), (2, 1), (2, 2)], '+')])


======================================================================
FAIL: test_cages_2 (__main__.TestCageConstraints.test_cages_2)
----------------------------------------------------------------------
AssertionError: False is not true : 

Student code threw exception "cannot unpack non-iterable NoneType object". Failed to construct board!
(2, [(4, [(1, 1), (1, 2), (2, 1), (2, 2)], '-')])


======================================================================
FAIL: test_cages_3 (__main__.TestCageConstraints.test_cages_3)
----------------------------------------------------------------------
AssertionError: False is not true : 

Student code threw exception "cannot unpack non-iterable NoneType object". Failed to construct board!
(2, [(4, [(1, 1), (1, 2), (2, 1), (2, 2)], '*')])


======================================================================
FAIL: test_cages_4 (__main__.TestCageConstraints.test_cages_4)
----------------------------------------------------------------------
AssertionError: False is not true : 

Student code threw exception "cannot unpack non-iterable NoneType object". Failed to construct board!
(3, [(10, [(1, 1), (1, 2), (1, 3), (2, 1), (2, 2), (2, 3)], '+')])


======================================================================
FAIL: test_cages_5 (__main__.TestCageConstraints.test_cages_5)
----------------------------------------------------------------------
AssertionError: False is not true : 

Student code threw exception "cannot unpack non-iterable NoneType object". Failed to construct board!
(3, [(7, [(1, 1), (1, 2), (1, 3), (2, 1), (2, 2), (2, 3)], '-')])


======================================================================
FAIL: test_cages_6 (__main__.TestCageConstraints.test_cages_6)
----------------------------------------------------------------------
AssertionError: False is not true : 

Student code threw exception "cannot unpack non-iterable NoneType object". Failed to construct board!
(3, [(10, [(1, 1), (1, 2), (1, 3), (2, 1), (2, 2), (2, 3)], '*')])


======================================================================
FAIL: test_dh_1 (__main__.TestDH.test_dh_1)
----------------------------------------------------------------------
AssertionError: False is not true : No Variable Returned from Ord DH

======================================================================
FAIL: test_dh_2 (__main__.TestDH.test_dh_2)
----------------------------------------------------------------------
AssertionError: False is not true : No Variable Returned from Ord DH

======================================================================
FAIL: test_dh_3 (__main__.TestDH.test_dh_3)
----------------------------------------------------------------------
AssertionError: False is not true : No Variable Returned from Ord DH

======================================================================
FAIL: test_dh_4 (__main__.TestDH.test_dh_4)
----------------------------------------------------------------------
AssertionError: False is not true : No Variable Returned from Ord DH

======================================================================
FAIL: test_mrv_1 (__main__.TestMRV.test_mrv_1)
----------------------------------------------------------------------
AssertionError: False is not true : No Variable Returned from Ord MRV

======================================================================
FAIL: test_mrv_2 (__main__.TestMRV.test_mrv_2)
----------------------------------------------------------------------
AssertionError: False is not true : No Variable Returned from Ord MRV

======================================================================
FAIL: test_mrv_3 (__main__.TestMRV.test_mrv_3)
----------------------------------------------------------------------
AssertionError: False is not true : No Variable Returned from Ord MRV

======================================================================
FAIL: test_mrv_4 (__main__.TestMRV.test_mrv_4)
----------------------------------------------------------------------
AssertionError: False is not true : No Variable Returned from Ord MRV

======================================================================
FAIL: test_nary_grid_1 (__main__.TestNaryGrid.test_nary_grid_1)
----------------------------------------------------------------------
AssertionError: False is not true : 

Student code threw exception "'NoneType' object is not subscriptable". Failed to construct board!
(3, [(2, [(1, 1), (1, 2)], '-'), (2, [(1, 3)], '?'), (2, [(2, 1), (3, 1)], '/'), (3, [(2, 2), (2, 3)], '/'), (1, [(3, 2), (3, 3)], '-')])


======================================================================
FAIL: test_nary_grid_2 (__main__.TestNaryGrid.test_nary_grid_2)
----------------------------------------------------------------------
AssertionError: False is not true : 

Student code threw exception "'NoneType' object is not subscriptable". Failed to construct board!
(4, [(2, [(1, 1), (1, 2)], '/'), (7, [(1, 3), (2, 3)], '+'), (4, [(1, 4)], '?'), (1, [(2, 1), (2, 2)], '-'), (3, [(2, 2), (3, 2)], '-'), (2, [(2, 4), (3, 4)], '-'), (4, [(3, 3), (4, 3), (4, 4)], '*'), (1, [(4, 1), (4, 2)], '-')])


======================================================================
FAIL: test_nary_grid_3 (__main__.TestNaryGrid.test_nary_grid_3)
----------------------------------------------------------------------
AssertionError: False is not true : 

Student code threw exception "'NoneType' object is not subscriptable". Failed to construct board!
(5, [(2, [(1, 1), (2, 1)], '/'), (1, [(1, 2), (2, 2)], '-'), (2, [(1, 3), (2, 3)], '-'), (4, [(1, 4), (1, 5)], '-'), (6, [(2, 4), (2, 5)], '*'), (2, [(3, 1), (3, 2)], '-'), (3, [(3, 3), (4, 3)], '-'), (2, [(3, 4), (4, 4)], '/'), (3, [(3, 5), (4, 5)], '-'), (8, [(4, 1), (4, 2)], '+'), (7, [(5, 1), (5, 2), (5, 3)], '+'), (2, [(5, 4), (5, 5)], '-')])


======================================================================
FAIL: test_nary_grid_4 (__main__.TestNaryGrid.test_nary_grid_4)
----------------------------------------------------------------------
AssertionError: False is not true : 

Student code threw exception "'NoneType' object is not subscriptable". Failed to construct board!
(6, [(2, [(1, 1), (1, 2)], '-'), (3, [(1, 3), (2, 3)], '-'), (5, [(1, 4), (1, 5)], '-'), (1, [(1, 6), (2, 6)], '-'), (2, [(2, 1), (2, 2)], '-'), (10, [(2, 4), (2, 5)], '*'), (2, [(3, 1), (4, 1)], '-'), (2, [(3, 2), (4, 2)], '/'), (30, [(3, 3), (3, 4)], '*'), (3, [(3, 5), (3, 6)], '-'), (6, [(4, 3), (4, 4)], '*'), (6, [(4, 4), (4, 5)], '+'), (6, [(5, 1), (5, 2)], '+'), (2, [(5, 3), (6, 3)], '/'), (2, [(5, 4), (5, 5)], '-'), (1, [(5, 6), (6, 6)], '-'), (3, [(6, 1), (6, 2)], '+'), (7, [(6, 4), (6, 5)], '+')])


======================================================================
FAIL: test_bin_prop_fc_0 (__main__.TestPropFC.test_bin_prop_fc_0)
----------------------------------------------------------------------
AssertionError: False is not true : 

Student code threw exception "cannot unpack non-iterable NoneType object". Failed to solve board!
(3, [(3, [(1, 1), (2, 1)], '+'), (2, [(1, 2), (2, 2)], '-'), (6, [(1, 3), (2, 3), (3, 3)], '*'), (5, [(3, 1), (3, 2)], '+')])


======================================================================
FAIL: test_bin_prop_fc_1 (__main__.TestPropFC.test_bin_prop_fc_1)
----------------------------------------------------------------------
AssertionError: False is not true : 

Student code threw exception "cannot unpack non-iterable NoneType object". Failed to solve board!
(4, [(6, [(1, 1), (2, 1)], '*'), (3, [(1, 2), (1, 3)], '+'), (3, [(1, 4), (2, 4)], '-'), (7, [(2, 2), (2, 3)], '+'), (2, [(3, 1), (3, 2)], '/'), (3, [(3, 3), (4, 3)], '-'), (6, [(3, 4), (4, 4)], '*'), (7, [(4, 1), (4, 2)], '+')])


======================================================================
FAIL: test_bin_prop_fc_2 (__main__.TestPropFC.test_bin_prop_fc_2)
----------------------------------------------------------------------
AssertionError: False is not true : 

Student code threw exception "cannot unpack non-iterable NoneType object". Failed to solve board!
(4, [(16, [(1, 1), (1, 2), (2, 2)], '*'), (7, [(1, 3), (1, 4), (2, 3)], '+'), (4, [(2, 4)], '?'), (2, [(2, 1), (3, 1)], '-'), (2, [(3, 3), (3, 4)], '/'), (2, [(4, 3), (4, 4)], '/'), (12, [(3, 2), (4, 1), (4, 2)], '*')])


======================================================================
FAIL: test_bin_prop_fc_3 (__main__.TestPropFC.test_bin_prop_fc_3)
----------------------------------------------------------------------
AssertionError: False is not true : 

Student code threw exception "cannot unpack non-iterable NoneType object". Failed to solve board!
(4, [(4, [(1, 1)], '?'), (2, [(1, 2), (1, 3)], '/'), (1, [(1, 4), (2, 4)], '-'), (6, [(2, 1), (2, 2), (3, 2)], '+'), (12, [(2, 3), (3, 3), (3, 4)], '*'), (1, [(3, 1), (4, 1)], '-'), (5, [(4, 2), (4, 3)], '+'), (2, [(4, 4)], '?')])


======================================================================
FAIL: test_bin_prop_fc_4 (__main__.TestPropFC.test_bin_prop_fc_4)
----------------------------------------------------------------------
AssertionError: False is not true : 

Student code threw exception "cannot unpack non-iterable NoneType object". Failed to solve board!
(4, [(2, [(1, 1), (1, 2)], '/'), (3, [(1, 3), (1, 4), (2, 3)], '*'), (8, [(2, 1), (2, 2), (3, 1)], '+'), (6, [(2, 4), (3, 4)], '*'), (2, [(3, 2), (3, 3)], '-'), (2, [(4, 1), (4, 2)], '-'), (2, [(4, 3), (4, 4)], '/')])


======================================================================
FAIL: test_prop_fc_0 (__main__.TestPropFC.test_prop_fc_0)
----------------------------------------------------------------------
AssertionError: False is not true : 

Student code threw exception "cannot unpack non-iterable NoneType object". Failed to solve board!
(3, [(3, [(1, 1), (2, 1)], '+'), (2, [(1, 2), (2, 2)], '-'), (6, [(1, 3), (2, 3), (3, 3)], '*'), (5, [(3, 1), (3, 2)], '+')])


======================================================================
FAIL: test_prop_fc_1 (__main__.TestPropFC.test_prop_fc_1)
----------------------------------------------------------------------
AssertionError: False is not true : 

Student code threw exception "cannot unpack non-iterable NoneType object". Failed to solve board!
(4, [(6, [(1, 1), (2, 1)], '*'), (3, [(1, 2), (1, 3)], '+'), (3, [(1, 4), (2, 4)], '-'), (7, [(2, 2), (2, 3)], '+'), (2, [(3, 1), (3, 2)], '/'), (3, [(3, 3), (4, 3)], '-'), (6, [(3, 4), (4, 4)], '*'), (7, [(4, 1), (4, 2)], '+')])


======================================================================
FAIL: test_prop_fc_2 (__main__.TestPropFC.test_prop_fc_2)
----------------------------------------------------------------------
AssertionError: False is not true : 

Student code threw exception "cannot unpack non-iterable NoneType object". Failed to solve board!
(4, [(16, [(1, 1), (1, 2), (2, 2)], '*'), (7, [(1, 3), (1, 4), (2, 3)], '+'), (4, [(2, 4)], '?'), (2, [(2, 1), (3, 1)], '-'), (2, [(3, 3), (3, 4)], '/'), (2, [(4, 3), (4, 4)], '/'), (12, [(3, 2), (4, 1), (4, 2)], '*')])


======================================================================
FAIL: test_prop_fc_3 (__main__.TestPropFC.test_prop_fc_3)
----------------------------------------------------------------------
AssertionError: False is not true : 

Student code threw exception "cannot unpack non-iterable NoneType object". Failed to solve board!
(4, [(4, [(1, 1)], '?'), (2, [(1, 2), (1, 3)], '/'), (1, [(1, 4), (2, 4)], '-'), (6, [(2, 1), (2, 2), (3, 2)], '+'), (12, [(2, 3), (3, 3), (3, 4)], '*'), (1, [(3, 1), (4, 1)], '-'), (5, [(4, 2), (4, 3)], '+'), (2, [(4, 4)], '?')])


======================================================================
FAIL: test_prop_fc_4 (__main__.TestPropFC.test_prop_fc_4)
----------------------------------------------------------------------
AssertionError: False is not true : 

Student code threw exception "cannot unpack non-iterable NoneType object". Failed to solve board!
(4, [(2, [(1, 1), (1, 2)], '/'), (3, [(1, 3), (1, 4), (2, 3)], '*'), (8, [(2, 1), (2, 2), (3, 1)], '+'), (6, [(2, 4), (3, 4)], '*'), (2, [(3, 2), (3, 3)], '-'), (2, [(4, 1), (4, 2)], '-'), (2, [(4, 3), (4, 4)], '/')])


======================================================================
FAIL: test_prop_GAC_0 (__main__.TestPropGAC.test_prop_GAC_0)
----------------------------------------------------------------------
AssertionError: False is not true : 

Student code threw exception "cannot unpack non-iterable NoneType object". Failed to solve board!
(3, [(3, [(1, 1), (2, 1)], '+'), (2, [(1, 2), (2, 2)], '-'), (6, [(1, 3), (2, 3), (3, 3)], '*'), (5, [(3, 1), (3, 2)], '+')])


======================================================================
FAIL: test_prop_GAC_1 (__main__.TestPropGAC.test_prop_GAC_1)
----------------------------------------------------------------------
AssertionError: False is not true : 

Student code threw exception "cannot unpack non-iterable NoneType object". Failed to solve board!
(4, [(6, [(1, 1), (2, 1)], '*'), (3, [(1, 2), (1, 3)], '+'), (3, [(1, 4), (2, 4)], '-'), (7, [(2, 2), (2, 3)], '+'), (2, [(3, 1), (3, 2)], '/'), (3, [(3, 3), (4, 3)], '-'), (6, [(3, 4), (4, 4)], '*'), (7, [(4, 1), (4, 2)], '+')])


======================================================================
FAIL: test_prop_GAC_2 (__main__.TestPropGAC.test_prop_GAC_2)
----------------------------------------------------------------------
AssertionError: False is not true : 

Student code threw exception "cannot unpack non-iterable NoneType object". Failed to solve board!
(4, [(16, [(1, 1), (1, 2), (2, 2)], '*'), (7, [(1, 3), (1, 4), (2, 3)], '+'), (4, [(2, 4)], '?'), (2, [(2, 1), (3, 1)], '-'), (2, [(3, 3), (3, 4)], '/'), (2, [(4, 3), (4, 4)], '/'), (12, [(3, 2), (4, 1), (4, 2)], '*')])


======================================================================
FAIL: test_prop_GAC_3 (__main__.TestPropGAC.test_prop_GAC_3)
----------------------------------------------------------------------
AssertionError: False is not true : 

Student code threw exception "cannot unpack non-iterable NoneType object". Failed to solve board!
(4, [(4, [(1, 1)], '?'), (2, [(1, 2), (1, 3)], '/'), (1, [(1, 4), (2, 4)], '-'), (6, [(2, 1), (2, 2), (3, 2)], '+'), (12, [(2, 3), (3, 3), (3, 4)], '*'), (1, [(3, 1), (4, 1)], '-'), (5, [(4, 2), (4, 3)], '+'), (2, [(4, 4)], '?')])


======================================================================
FAIL: test_prop_GAC_4 (__main__.TestPropGAC.test_prop_GAC_4)
----------------------------------------------------------------------
AssertionError: False is not true : 

Student code threw exception "cannot unpack non-iterable NoneType object". Failed to solve board!
(4, [(2, [(1, 1), (1, 2)], '/'), (3, [(1, 3), (1, 4), (2, 3)], '*'), (8, [(2, 1), (2, 2), (3, 1)], '+'), (6, [(2, 4), (3, 4)], '*'), (2, [(3, 2), (3, 3)], '-'), (2, [(4, 1), (4, 2)], '-'), (2, [(4, 3), (4, 4)], '/')])


======================================================================
FAIL: test_prop_GAC_5 (__main__.TestPropGAC.test_prop_GAC_5)
----------------------------------------------------------------------
AssertionError: False is not true : 

Student code threw exception "cannot unpack non-iterable NoneType object". Failed to solve board!
(5, [(4, [(1, 1), (2, 1)], '-'), (2, [(1, 2), (1, 3)], '/'), (1, [(1, 4), (2, 4)], '-'), (1, [(1, 5), (2, 5)], '-'), (9, [(2, 2), (2, 3)], '+'), (3, [(3, 1), (3, 2)], '-'), (6, [(3, 3), (3, 4), (4, 4)], '*'), (9, [(3, 5), (4, 5)], '+'), (7, [(4, 1), (5, 1)], '+'), (3, [(4, 2), (4, 3)], '-'), (6, [(5, 2), (5, 3)], '*'), (4, [(5, 4), (5, 5)], '-')])


======================================================================
FAIL: test_prop_GAC_6 (__main__.TestPropGAC.test_prop_GAC_6)
----------------------------------------------------------------------
AssertionError: False is not true : 

Student code threw exception "cannot unpack non-iterable NoneType object". Failed to solve board!
(5, [(10, [(1, 1), (1, 2), (2, 1), (2, 2)], '+'), (18, [(1, 3), (1, 4), (2, 3), (2, 4), (3, 4)], '+'), (2, [(1, 5), (2, 5), (3, 5)], '-'), (1, [(3, 1), (3, 2), (3, 3)], '-'), (600, [(4, 1), (4, 2), (4, 3), (5, 1), (5, 2), (5, 3)], '*'), (2, [(4, 4), (5, 4), (5, 5)], '/'), (3, [(4, 5)], '?')])


======================================================================
FAIL: test_prop_GAC_7 (__main__.TestPropGAC.test_prop_GAC_7)
----------------------------------------------------------------------
AssertionError: False is not true : 

Student code threw exception "cannot unpack non-iterable NoneType object". Failed to solve board!
(5, [(2, [(1, 1), (2, 1)], '-'), (2, [(1, 2), (1, 3)], '/'), (1, [(1, 4), (1, 5)], '-'), (1, [(2, 2)], '?'), (2, [(2, 3), (2, 4)], '-'), (9, [(2, 5), (3, 5), (4, 5)], '+'), (6, [(3, 1), (3, 2)], '*'), (4, [(3, 3)], '?'), (3, [(3, 4), (4, 4)], '+'), (3, [(4, 1), (5, 1)], '-'), (15, [(4, 2), (4, 3)], '*'), (9, [(5, 2), (5, 3)], '+'), (1, [(5, 4), (5, 5)], '-')])


======================================================================
FAIL: test_prop_GAC_8 (__main__.TestPropGAC.test_prop_GAC_8)
----------------------------------------------------------------------
AssertionError: False is not true : 

Student code threw exception "cannot unpack non-iterable NoneType object". Failed to solve board!
(6, [(11, [(1, 1), (2, 1)], '+'), (2, [(1, 2), (1, 3)], '/'), (20, [(1, 4), (2, 4)], '*'), (6, [(1, 5), (1, 6), (2, 6), (3, 6)], '*'), (3, [(2, 2), (2, 3)], '-'), (3, [(2, 5), (3, 5)], '/'), (240, [(3, 1), (3, 2), (4, 1), (4, 2)], '*'), (6, [(3, 3), (3, 4)], '*'), (6, [(4, 3), (5, 3)], '*'), (7, [(4, 4), (5, 4), (5, 5)], '+'), (30, [(4, 5), (4, 6)], '*'), (6, [(5, 1), (5, 2)], '*'), (9, [(5, 6), (6, 6)], '+'), (8, [(6, 1), (6, 2), (6, 3)], '+'), (2, [(6, 4), (6, 5)], '/')])


======================================================================
FAIL: test_prop_GAC_9 (__main__.TestPropGAC.test_prop_GAC_9)
----------------------------------------------------------------------
AssertionError: False is not true : 

Student code threw exception "cannot unpack non-iterable NoneType object". Failed to solve board!
(6, [(2, [(1, 1), (1, 2), (1, 3)], '/'), (3, [(1, 4), (1, 5)], '-'), (11, [(1, 6), (2, 6), (3, 6)], '+'), (2, [(2, 1), (2, 2), (2, 3)], '/'), (40, [(2, 4), (2, 5), (3, 4), (3, 5)], '*'), (14, [(3, 1), (4, 1), (5, 1), (6, 1)], '+'), (3600, [(3, 2), (3, 3), (4, 2), (4, 3), (5, 2), (5, 3)], '*'), (120, [(4, 4), (5, 4), (6, 4)], '*'), (1, [(4, 5), (4, 6), (5, 5), (5, 6)], '-'), (5, [(6, 2), (6, 3)], '-'), (5, [(6, 5), (6, 6)], '+')])


----------------------------------------------------------------------
Ran 44 tests in 0.061s

FAILED (failures=43, errors=1)
----------------------------------------------------------------------
Time spent:

----------------------------------------------------------------------
Grades:

FC: 0.0/0.5
GAC: 0.0/0.75
MRV: 0.0/0.25
DH: 0.0/0.25
BINARY: 0.0/0.25
NARY: 0.0/0.25
CAGEY: 0.0/0.5

TOTAL: 0.0/2.75
Code quality: ?/0.25

Running time: 2024_02_01-14:41:26

===========================================
